[debug] [2024-12-05T06:37:40.497Z] ----------------------------------------------------------------------
[debug] [2024-12-05T06:37:40.499Z] Command:       C:\Program Files\nodejs\node.exe C:\Users\Hemant\AppData\Roaming\npm\node_modules\firebase-tools\lib\bin\firebase.js init
[debug] [2024-12-05T06:37:40.499Z] CLI Version:   13.28.0
[debug] [2024-12-05T06:37:40.499Z] Platform:      win32
[debug] [2024-12-05T06:37:40.499Z] Node Version:  v20.10.0
[debug] [2024-12-05T06:37:40.499Z] Time:          Thu Dec 05 2024 12:07:40 GMT+0530 (India Standard Time)
[debug] [2024-12-05T06:37:40.500Z] ----------------------------------------------------------------------
[debug] 
[debug] [2024-12-05T06:37:40.504Z] > command requires scopes: ["email","openid","https://www.googleapis.com/auth/cloudplatformprojects.readonly","https://www.googleapis.com/auth/firebase","https://www.googleapis.com/auth/cloud-platform"]
[debug] [2024-12-05T06:37:40.505Z] > authorizing via signed-in user (rohitkadamusa@gmail.com)
[info] 
     ######## #### ########  ######## ########     ###     ######  ########
     ##        ##  ##     ## ##       ##     ##  ##   ##  ##       ##
     ######    ##  ########  ######   ########  #########  ######  ######
     ##        ##  ##    ##  ##       ##     ## ##     ##       ## ##
     ##       #### ##     ## ######## ########  ##     ##  ######  ########

You're about to initialize a Firebase project in this directory:

  C:\Mern\kreateai

Before we get started, keep in mind:

  * You are currently outside your home directory

[info] 
=== Project Setup
[info] 
[info] First, let's associate this project directory with a Firebase project.
[info] You can create multiple project aliases by running firebase use --add, 
[info] but for now we'll just set up a default project.
[info] 
[debug] [2024-12-05T06:38:23.916Z] Checked if tokens are valid: true, expires at: 1733383870601
[debug] [2024-12-05T06:38:23.917Z] Checked if tokens are valid: true, expires at: 1733383870601
[debug] [2024-12-05T06:38:23.919Z] >>> [apiv2][query] GET https://firebase.googleapis.com/v1beta1/projects pageSize=100
[debug] [2024-12-05T06:38:25.370Z] <<< [apiv2][status] GET https://firebase.googleapis.com/v1beta1/projects 200
[debug] [2024-12-05T06:38:25.370Z] <<< [apiv2][body] GET https://firebase.googleapis.com/v1beta1/projects [omitted]
[info] i  Using project kreateai-c1b8d (kreateai) 
[info] 
=== Dataconnect Setup
[debug] [2024-12-05T06:38:28.922Z] Checked if tokens are valid: true, expires at: 1733383870601
[debug] [2024-12-05T06:38:28.923Z] Checked if tokens are valid: true, expires at: 1733383870601
[debug] [2024-12-05T06:38:28.923Z] >>> [apiv2][query] GET https://cloudbilling.googleapis.com/v1/projects/kreateai-c1b8d/billingInfo [none]
[debug] [2024-12-05T06:38:30.417Z] <<< [apiv2][status] GET https://cloudbilling.googleapis.com/v1/projects/kreateai-c1b8d/billingInfo 200
[debug] [2024-12-05T06:38:30.417Z] <<< [apiv2][body] GET https://cloudbilling.googleapis.com/v1/projects/kreateai-c1b8d/billingInfo {"name":"projects/kreateai-c1b8d/billingInfo","projectId":"kreateai-c1b8d","billingAccountName":"billingAccounts/0150BF-4F27EA-345072","billingEnabled":true}
[info] i  dataconnect: ensuring required API firebasedataconnect.googleapis.com is enabled... 
[debug] [2024-12-05T06:38:30.419Z] Checked if tokens are valid: true, expires at: 1733383870601
[debug] [2024-12-05T06:38:30.419Z] Checked if tokens are valid: true, expires at: 1733383870601
[debug] [2024-12-05T06:38:30.420Z] >>> [apiv2][query] GET https://serviceusage.googleapis.com/v1/projects/kreateai-c1b8d/services/firebasedataconnect.googleapis.com [none]
[debug] [2024-12-05T06:38:30.420Z] >>> [apiv2][(partial)header] GET https://serviceusage.googleapis.com/v1/projects/kreateai-c1b8d/services/firebasedataconnect.googleapis.com x-goog-quota-user=projects/kreateai-c1b8d
[debug] [2024-12-05T06:38:32.255Z] <<< [apiv2][status] GET https://serviceusage.googleapis.com/v1/projects/kreateai-c1b8d/services/firebasedataconnect.googleapis.com 200
[debug] [2024-12-05T06:38:32.255Z] <<< [apiv2][body] GET https://serviceusage.googleapis.com/v1/projects/kreateai-c1b8d/services/firebasedataconnect.googleapis.com [omitted]
[info] +  dataconnect: required API firebasedataconnect.googleapis.com is enabled 
[info] i  dataconnect: ensuring required API sqladmin.googleapis.com is enabled... 
[debug] [2024-12-05T06:38:32.257Z] Checked if tokens are valid: true, expires at: 1733383870601
[debug] [2024-12-05T06:38:32.257Z] Checked if tokens are valid: true, expires at: 1733383870601
[debug] [2024-12-05T06:38:32.257Z] >>> [apiv2][query] GET https://serviceusage.googleapis.com/v1/projects/kreateai-c1b8d/services/sqladmin.googleapis.com [none]
[debug] [2024-12-05T06:38:32.257Z] >>> [apiv2][(partial)header] GET https://serviceusage.googleapis.com/v1/projects/kreateai-c1b8d/services/sqladmin.googleapis.com x-goog-quota-user=projects/kreateai-c1b8d
[debug] [2024-12-05T06:38:32.799Z] <<< [apiv2][status] GET https://serviceusage.googleapis.com/v1/projects/kreateai-c1b8d/services/sqladmin.googleapis.com 200
[debug] [2024-12-05T06:38:32.799Z] <<< [apiv2][body] GET https://serviceusage.googleapis.com/v1/projects/kreateai-c1b8d/services/sqladmin.googleapis.com [omitted]
[info] +  dataconnect: required API sqladmin.googleapis.com is enabled 
[info] i  dataconnect: ensuring required API compute.googleapis.com is enabled... 
[debug] [2024-12-05T06:38:32.802Z] Checked if tokens are valid: true, expires at: 1733383870601
[debug] [2024-12-05T06:38:32.802Z] Checked if tokens are valid: true, expires at: 1733383870601
[debug] [2024-12-05T06:38:32.802Z] >>> [apiv2][query] GET https://serviceusage.googleapis.com/v1/projects/kreateai-c1b8d/services/compute.googleapis.com [none]
[debug] [2024-12-05T06:38:32.802Z] >>> [apiv2][(partial)header] GET https://serviceusage.googleapis.com/v1/projects/kreateai-c1b8d/services/compute.googleapis.com x-goog-quota-user=projects/kreateai-c1b8d
[debug] [2024-12-05T06:38:34.456Z] <<< [apiv2][status] GET https://serviceusage.googleapis.com/v1/projects/kreateai-c1b8d/services/compute.googleapis.com 200
[debug] [2024-12-05T06:38:34.457Z] <<< [apiv2][body] GET https://serviceusage.googleapis.com/v1/projects/kreateai-c1b8d/services/compute.googleapis.com [omitted]
[info] +  dataconnect: required API compute.googleapis.com is enabled 
[debug] [2024-12-05T06:38:34.458Z] Checked if tokens are valid: true, expires at: 1733383870601
[debug] [2024-12-05T06:38:34.458Z] Checked if tokens are valid: true, expires at: 1733383870601
[debug] [2024-12-05T06:38:34.458Z] >>> [apiv2][query] GET https://firebasedataconnect.googleapis.com/v1beta/projects/kreateai-c1b8d/locations/-/services [none]
[debug] [2024-12-05T06:38:36.467Z] <<< [apiv2][status] GET https://firebasedataconnect.googleapis.com/v1beta/projects/kreateai-c1b8d/locations/-/services 200
[debug] [2024-12-05T06:38:36.468Z] <<< [apiv2][body] GET https://firebasedataconnect.googleapis.com/v1beta/projects/kreateai-c1b8d/locations/-/services {}
[debug] [2024-12-05T06:39:05.951Z] Checked if tokens are valid: true, expires at: 1733383870601
[debug] [2024-12-05T06:39:05.951Z] Checked if tokens are valid: true, expires at: 1733383870601
[debug] [2024-12-05T06:39:05.951Z] >>> [apiv2][query] GET https://sqladmin.googleapis.com/v1/projects/kreateai-c1b8d/instances [none]
[debug] [2024-12-05T06:39:06.858Z] <<< [apiv2][status] GET https://sqladmin.googleapis.com/v1/projects/kreateai-c1b8d/instances 200
[debug] [2024-12-05T06:39:06.858Z] <<< [apiv2][body] GET https://sqladmin.googleapis.com/v1/projects/kreateai-c1b8d/instances {}
[debug] [2024-12-05T06:39:08.431Z] Checked if tokens are valid: true, expires at: 1733383870601
[debug] [2024-12-05T06:39:08.431Z] Checked if tokens are valid: true, expires at: 1733383870601
[debug] [2024-12-05T06:39:08.431Z] >>> [apiv2][query] GET https://firebasedataconnect.googleapis.com/v1beta/projects/kreateai-c1b8d/locations [none]
[debug] [2024-12-05T06:39:10.172Z] <<< [apiv2][status] GET https://firebasedataconnect.googleapis.com/v1beta/projects/kreateai-c1b8d/locations 200
[debug] [2024-12-05T06:39:10.173Z] <<< [apiv2][body] GET https://firebasedataconnect.googleapis.com/v1beta/projects/kreateai-c1b8d/locations {"locations":[{"name":"projects/kreateai-c1b8d/locations/asia-east1","locationId":"asia-east1","displayName":"Taiwan"},{"name":"projects/kreateai-c1b8d/locations/asia-east2","locationId":"asia-east2","displayName":"Hong Kong"},{"name":"projects/kreateai-c1b8d/locations/asia-northeast1","locationId":"asia-northeast1","displayName":"Tokyo"},{"name":"projects/kreateai-c1b8d/locations/asia-northeast2","locationId":"asia-northeast2","displayName":"Osaka"},{"name":"projects/kreateai-c1b8d/locations/asia-northeast3","locationId":"asia-northeast3","displayName":"Seoul"},{"name":"projects/kreateai-c1b8d/locations/asia-south1","locationId":"asia-south1","displayName":"Mumbai"},{"name":"projects/kreateai-c1b8d/locations/asia-southeast1","locationId":"asia-southeast1","displayName":"Singapore"},{"name":"projects/kreateai-c1b8d/locations/asia-southeast2","locationId":"asia-southeast2","displayName":"Jakarta"},{"name":"projects/kreateai-c1b8d/locations/australia-southeast1","locationId":"australia-southeast1","displayName":"Sydney"},{"name":"projects/kreateai-c1b8d/locations/australia-southeast2","locationId":"australia-southeast2","displayName":"Melbourne"},{"name":"projects/kreateai-c1b8d/locations/europe-central2","locationId":"europe-central2","displayName":"Warsaw"},{"name":"projects/kreateai-c1b8d/locations/europe-north1","locationId":"europe-north1","displayName":"Finland"},{"name":"projects/kreateai-c1b8d/locations/europe-southwest1","locationId":"europe-southwest1","displayName":"Madrid"},{"name":"projects/kreateai-c1b8d/locations/europe-west1","locationId":"europe-west1","displayName":"Belgium"},{"name":"projects/kreateai-c1b8d/locations/europe-west2","locationId":"europe-west2","displayName":"London"},{"name":"projects/kreateai-c1b8d/locations/europe-west3","locationId":"europe-west3","displayName":"Frankfurt"},{"name":"projects/kreateai-c1b8d/locations/europe-west4","locationId":"europe-west4","displayName":"Netherlands"},{"name":"projects/kreateai-c1b8d/locations/europe-west6","locationId":"europe-west6","displayName":"Zurich"},{"name":"projects/kreateai-c1b8d/locations/europe-west8","locationId":"europe-west8","displayName":"Milan"},{"name":"projects/kreateai-c1b8d/locations/europe-west9","locationId":"europe-west9","displayName":"Paris"},{"name":"projects/kreateai-c1b8d/locations/me-west1","locationId":"me-west1","displayName":"Tel Aviv"},{"name":"projects/kreateai-c1b8d/locations/northamerica-northeast1","locationId":"northamerica-northeast1","displayName":"Montréal"},{"name":"projects/kreateai-c1b8d/locations/northamerica-northeast2","locationId":"northamerica-northeast2","displayName":"Toronto"},{"name":"projects/kreateai-c1b8d/locations/southamerica-east1","locationId":"southamerica-east1","displayName":"São Paulo"},{"name":"projects/kreateai-c1b8d/locations/southamerica-west1","locationId":"southamerica-west1","displayName":"Santiago"},{"name":"projects/kreateai-c1b8d/locations/us-central1","locationId":"us-central1","displayName":"Iowa"},{"name":"projects/kreateai-c1b8d/locations/us-east1","locationId":"us-east1","displayName":"South Carolina"},{"name":"projects/kreateai-c1b8d/locations/us-east4","locationId":"us-east4","displayName":"Northern Virginia"},{"name":"projects/kreateai-c1b8d/locations/us-south1","locationId":"us-south1","displayName":"Dallas"},{"name":"projects/kreateai-c1b8d/locations/us-west1","locationId":"us-west1","displayName":"Oregon"},{"name":"projects/kreateai-c1b8d/locations/us-west2","locationId":"us-west2","displayName":"Los Angeles"},{"name":"projects/kreateai-c1b8d/locations/us-west3","locationId":"us-west3","displayName":"Salt Lake City"},{"name":"projects/kreateai-c1b8d/locations/us-west4","locationId":"us-west4","displayName":"Las Vegas"}]}
[debug] [2024-12-05T06:39:11.627Z] Checked if tokens are valid: true, expires at: 1733383870601
[debug] [2024-12-05T06:39:11.627Z] Checked if tokens are valid: true, expires at: 1733383870601
[debug] [2024-12-05T06:39:11.627Z] >>> [apiv2][query] GET https://sqladmin.googleapis.com/v1/projects/kreateai-c1b8d/instances/kreateai-fdc/databases [none]
[debug] [2024-12-05T06:39:12.029Z] <<< [apiv2][status] GET https://sqladmin.googleapis.com/v1/projects/kreateai-c1b8d/instances/kreateai-fdc/databases 404
[debug] [2024-12-05T06:39:12.030Z] <<< [apiv2][body] GET https://sqladmin.googleapis.com/v1/projects/kreateai-c1b8d/instances/kreateai-fdc/databases {"error":{"code":404,"message":"Not Found","errors":[{"message":"Not Found","domain":"global","reason":"notFound"}]}}
[debug] [2024-12-05T06:39:12.031Z] [dataconnect] Cannot list databases during init: FirebaseError: Request to https://sqladmin.googleapis.com/v1/projects/kreateai-c1b8d/instances/kreateai-fdc/databases had HTTP Error: 404, Not Found
[info] +  Wrote dataconnect\dataconnect.yaml 
[info] i  dataconnect\schema\schema.gql is unchanged 
[info] i  Skipping write of dataconnect\connector\connector.yaml 
[info] i  dataconnect\connector\queries.gql is unchanged 
[info] i  dataconnect\connector\mutations.gql is unchanged 
[debug] [2024-12-05T06:39:16.573Z] Checked if tokens are valid: true, expires at: 1733383870601
[debug] [2024-12-05T06:39:16.573Z] Checked if tokens are valid: true, expires at: 1733383870601
[debug] [2024-12-05T06:39:16.573Z] >>> [apiv2][query] GET https://sqladmin.googleapis.com/v1/projects/kreateai-c1b8d/instances/kreateai-fdc [none]
[debug] [2024-12-05T06:39:16.984Z] <<< [apiv2][status] GET https://sqladmin.googleapis.com/v1/projects/kreateai-c1b8d/instances/kreateai-fdc 404
[debug] [2024-12-05T06:39:16.984Z] <<< [apiv2][body] GET https://sqladmin.googleapis.com/v1/projects/kreateai-c1b8d/instances/kreateai-fdc {"error":{"code":404,"message":"The Cloud SQL instance does not exist.","errors":[{"message":"The Cloud SQL instance does not exist.","domain":"global","reason":"instanceDoesNotExist"}]}}
[debug] [2024-12-05T06:39:16.984Z] Checked if tokens are valid: true, expires at: 1733383870601
[debug] [2024-12-05T06:39:16.984Z] Checked if tokens are valid: true, expires at: 1733383870601
[debug] [2024-12-05T06:39:16.985Z] >>> [apiv2][query] GET https://sqladmin.googleapis.com/v1/projects/kreateai-c1b8d/instances [none]
[debug] [2024-12-05T06:39:17.690Z] <<< [apiv2][status] GET https://sqladmin.googleapis.com/v1/projects/kreateai-c1b8d/instances 200
[debug] [2024-12-05T06:39:17.690Z] <<< [apiv2][body] GET https://sqladmin.googleapis.com/v1/projects/kreateai-c1b8d/instances {}
[debug] [2024-12-05T06:39:17.691Z] Checked if tokens are valid: true, expires at: 1733383870601
[debug] [2024-12-05T06:39:17.691Z] Checked if tokens are valid: true, expires at: 1733383870601
[debug] [2024-12-05T06:39:17.691Z] >>> [apiv2][query] GET https://monitoring.googleapis.com/v3/projects/kreateai-c1b8d/timeSeries/ filter=metric.type%3D%22serviceruntime.googleapis.com%2Fquota%2Fallocation%2Fusage%22+AND+metric.label.quota_metric+%3D+%22sqladmin.googleapis.com%2Ffdc_lifetime_free_trial_per_project%22&interval.endTime=2024-12-05T06%3A39%3A17.691Z&interval.startTime=2024-11-28T06%3A39%3A17.691Z
[debug] [2024-12-05T06:39:18.811Z] <<< [apiv2][status] GET https://monitoring.googleapis.com/v3/projects/kreateai-c1b8d/timeSeries/ 200
[debug] [2024-12-05T06:39:18.811Z] <<< [apiv2][body] GET https://monitoring.googleapis.com/v3/projects/kreateai-c1b8d/timeSeries/ {"unit":"1"}
[info] i  dataconnect: CloudSQL instance 'kreateai-fdc' not found.Creating it now.
This instance is provided under the terms of the Data Connect no-cost trial https://firebase.google.com/pricing
Monitor the progress at https://console.cloud.google.com/sql/instances/kreateai-fdc/overview?project=kreateai-c1b8d 
[debug] [2024-12-05T06:39:18.815Z] Checked if tokens are valid: true, expires at: 1733383870601
[debug] [2024-12-05T06:39:18.815Z] Checked if tokens are valid: true, expires at: 1733383870601
[debug] [2024-12-05T06:39:18.815Z] >>> [apiv2][query] POST https://sqladmin.googleapis.com/v1/projects/kreateai-c1b8d/instances [none]
[debug] [2024-12-05T06:39:18.815Z] >>> [apiv2][body] POST https://sqladmin.googleapis.com/v1/projects/kreateai-c1b8d/instances {"name":"kreateai-fdc","region":"asia-east1","databaseVersion":"POSTGRES_15","settings":{"tier":"db-f1-micro","edition":"ENTERPRISE","ipConfiguration":{"authorizedNetworks":[]},"enableGoogleMlIntegration":false,"databaseFlags":[{"name":"cloudsql.iam_authentication","value":"on"}],"storageAutoResize":false,"userLabels":{"firebase-data-connect":"ft"},"insightsConfig":{"queryInsightsEnabled":true,"queryPlansPerMinute":5,"queryStringLength":1024}}}
[debug] [2024-12-05T06:39:25.728Z] <<< [apiv2][status] POST https://sqladmin.googleapis.com/v1/projects/kreateai-c1b8d/instances 200
[debug] [2024-12-05T06:39:25.728Z] <<< [apiv2][body] POST https://sqladmin.googleapis.com/v1/projects/kreateai-c1b8d/instances {"kind":"sql#operation","targetLink":"https://sqladmin.googleapis.com/v1/projects/kreateai-c1b8d/instances/kreateai-fdc","status":"PENDING","user":"rohitkadamusa@gmail.com","insertTime":"2024-12-05T06:39:27.436Z","operationType":"CREATE","name":"13383e64-138d-4045-84dd-72e300000025","targetId":"kreateai-fdc","selfLink":"https://sqladmin.googleapis.com/v1/projects/kreateai-c1b8d/operations/13383e64-138d-4045-84dd-72e300000025","targetProject":"kreateai-c1b8d"}
[info] i  dataconnect: Cloud SQL instance creation started - it should be ready shortly. Database and users will be created on your next deploy. 
[info] +  Detected WEB app in directory C:\Mern\kreateai 
[info] i  Wrote new config to C:\Mern\kreateai\dataconnect\connector/connector.yaml 
[info] I1205 12:09:25.817981   18464 codegen.go:82] [connector "default" javascriptSdk] Generating sources into "C:\\Mern\\kreateai\\dataconnect-generated\\js\\default-connector"
I1205 12:09:25.817981   18464 generate.go:40] Generated all sources. Writing them to disk...
I1205 12:09:25.817981   18464 collector.go:107] connector "default" javascriptSdk wrote into "C:\\Mern\\kreateai\\dataconnect-generated\\js\\default-connector"
Generated sources: index.d.ts [264B] esm\index.esm.js [180B] esm\package.json [17B] index.cjs.js [221B] package.json [634B] 
I1205 12:09:25.829608   18464 installsdk.go:76] Running command: C:\Program Files\nodejs\npm.cmd install file:dataconnect-generated\js\default-connector

[info] i  Generated SDK code for default 
[info] +  If you'd like to add more generated SDKs to your app your later, run firebase init dataconnect:sdk again 
[info] 
=== Firestore Setup
[debug] [2024-12-05T06:39:27.795Z] Checked if tokens are valid: true, expires at: 1733383870601
[debug] [2024-12-05T06:39:27.795Z] Checked if tokens are valid: true, expires at: 1733383870601
[debug] [2024-12-05T06:39:27.795Z] >>> [apiv2][query] GET https://serviceusage.googleapis.com/v1/projects/kreateai-c1b8d/services/firestore.googleapis.com [none]
[debug] [2024-12-05T06:39:27.795Z] >>> [apiv2][(partial)header] GET https://serviceusage.googleapis.com/v1/projects/kreateai-c1b8d/services/firestore.googleapis.com x-goog-quota-user=projects/kreateai-c1b8d
[debug] [2024-12-05T06:39:29.557Z] <<< [apiv2][status] GET https://serviceusage.googleapis.com/v1/projects/kreateai-c1b8d/services/firestore.googleapis.com 200
[debug] [2024-12-05T06:39:29.557Z] <<< [apiv2][body] GET https://serviceusage.googleapis.com/v1/projects/kreateai-c1b8d/services/firestore.googleapis.com [omitted]
[debug] [2024-12-05T06:39:29.557Z] Checked if tokens are valid: true, expires at: 1733383870601
[debug] [2024-12-05T06:39:29.558Z] Checked if tokens are valid: true, expires at: 1733383870601
[debug] [2024-12-05T06:39:29.558Z] >>> [apiv2][query] GET https://firestore.googleapis.com/v1/projects/kreateai-c1b8d/databases/(default) [none]
[debug] [2024-12-05T06:39:31.391Z] <<< [apiv2][status] GET https://firestore.googleapis.com/v1/projects/kreateai-c1b8d/databases/(default) 200
[debug] [2024-12-05T06:39:31.391Z] <<< [apiv2][body] GET https://firestore.googleapis.com/v1/projects/kreateai-c1b8d/databases/(default) {"name":"projects/kreateai-c1b8d/databases/(default)","uid":"8689ad15-7349-458f-8adb-bf7984206f70","createTime":"2024-12-05T06:37:06.370811Z","updateTime":"2024-12-05T06:37:06.370811Z","locationId":"nam5","type":"FIRESTORE_NATIVE","concurrencyMode":"PESSIMISTIC","versionRetentionPeriod":"3600s","earliestVersionTime":"2024-12-05T06:37:06.370811Z","appEngineIntegrationMode":"DISABLED","keyPrefix":"s","pointInTimeRecoveryEnablement":"POINT_IN_TIME_RECOVERY_DISABLED","deleteProtectionState":"DELETE_PROTECTION_DISABLED","etag":"ILLn9cmCkIoDMPuh+4OCkIoD"}
[debug] [2024-12-05T06:39:31.391Z] database_type: FIRESTORE_NATIVE
[debug] [2024-12-05T06:39:31.391Z] database_type: FIRESTORE_NATIVE
[debug] [2024-12-05T06:39:31.391Z] > command requires scopes: ["email","openid","https://www.googleapis.com/auth/cloudplatformprojects.readonly","https://www.googleapis.com/auth/firebase","https://www.googleapis.com/auth/cloud-platform"]
[debug] [2024-12-05T06:39:31.391Z] > authorizing via signed-in user (rohitkadamusa@gmail.com)
[debug] [2024-12-05T06:39:31.391Z] [iam] checking project kreateai-c1b8d for permissions ["firebase.projects.get"]
[debug] [2024-12-05T06:39:31.391Z] Checked if tokens are valid: true, expires at: 1733383870601
[debug] [2024-12-05T06:39:31.392Z] Checked if tokens are valid: true, expires at: 1733383870601
[debug] [2024-12-05T06:39:31.392Z] >>> [apiv2][query] POST https://cloudresourcemanager.googleapis.com/v1/projects/kreateai-c1b8d:testIamPermissions [none]
[debug] [2024-12-05T06:39:31.392Z] >>> [apiv2][(partial)header] POST https://cloudresourcemanager.googleapis.com/v1/projects/kreateai-c1b8d:testIamPermissions x-goog-quota-user=projects/kreateai-c1b8d
[debug] [2024-12-05T06:39:31.392Z] >>> [apiv2][body] POST https://cloudresourcemanager.googleapis.com/v1/projects/kreateai-c1b8d:testIamPermissions {"permissions":["firebase.projects.get"]}
[debug] [2024-12-05T06:39:32.921Z] <<< [apiv2][status] POST https://cloudresourcemanager.googleapis.com/v1/projects/kreateai-c1b8d:testIamPermissions 200
[debug] [2024-12-05T06:39:32.921Z] <<< [apiv2][body] POST https://cloudresourcemanager.googleapis.com/v1/projects/kreateai-c1b8d:testIamPermissions {"permissions":["firebase.projects.get"]}
[info] 
[info] Firestore Security Rules allow you to define how and when to allow
[info] requests. You can keep these rules in your project directory
[info] and publish them with firebase deploy.
[info] 
[debug] [2024-12-05T06:39:40.034Z] Checked if tokens are valid: true, expires at: 1733383870601
[debug] [2024-12-05T06:39:40.034Z] Checked if tokens are valid: true, expires at: 1733383870601
[debug] [2024-12-05T06:39:40.034Z] >>> [apiv2][query] GET https://firebaserules.googleapis.com/v1/projects/kreateai-c1b8d/releases pageSize=10&pageToken=
[debug] [2024-12-05T06:39:41.527Z] <<< [apiv2][status] GET https://firebaserules.googleapis.com/v1/projects/kreateai-c1b8d/releases 200
[debug] [2024-12-05T06:39:41.528Z] <<< [apiv2][body] GET https://firebaserules.googleapis.com/v1/projects/kreateai-c1b8d/releases {"releases":[{"name":"projects/kreateai-c1b8d/releases/cloud.firestore","rulesetName":"projects/kreateai-c1b8d/rulesets/4115ff93-7df3-41c7-951c-60e79e7cbec2","createTime":"2024-12-05T06:37:13.773004Z","updateTime":"2024-12-05T06:37:13.773004Z"},{"name":"projects/kreateai-c1b8d/releases/firebase.storage/kreateai-c1b8d.firebasestorage.app","rulesetName":"projects/kreateai-c1b8d/rulesets/66c2f79f-9e78-4d7e-8d1d-3c5a7dd04ccf","createTime":"2024-12-05T06:22:17.053713Z","updateTime":"2024-12-05T06:22:17.053713Z"}]}
[debug] [2024-12-05T06:39:41.539Z] Found ruleset: projects/kreateai-c1b8d/rulesets/4115ff93-7df3-41c7-951c-60e79e7cbec2
[debug] [2024-12-05T06:39:41.539Z] Checked if tokens are valid: true, expires at: 1733383870601
[debug] [2024-12-05T06:39:41.539Z] Checked if tokens are valid: true, expires at: 1733383870601
[debug] [2024-12-05T06:39:41.539Z] >>> [apiv2][query] GET https://firebaserules.googleapis.com/v1/projects/kreateai-c1b8d/rulesets/4115ff93-7df3-41c7-951c-60e79e7cbec2 [none]
[debug] [2024-12-05T06:39:42.851Z] <<< [apiv2][status] GET https://firebaserules.googleapis.com/v1/projects/kreateai-c1b8d/rulesets/4115ff93-7df3-41c7-951c-60e79e7cbec2 200
[debug] [2024-12-05T06:39:42.851Z] <<< [apiv2][body] GET https://firebaserules.googleapis.com/v1/projects/kreateai-c1b8d/rulesets/4115ff93-7df3-41c7-951c-60e79e7cbec2 [omitted]
[info] 
[info] Firestore indexes allow you to perform complex queries while
[info] maintaining performance that scales with the size of the result
[info] set. You can keep index definitions in your project directory
[info] and publish them with firebase deploy.
[info] 
[debug] [2024-12-05T06:39:45.967Z] Checked if tokens are valid: true, expires at: 1733383870601
[debug] [2024-12-05T06:39:45.967Z] Checked if tokens are valid: true, expires at: 1733383870601
[debug] [2024-12-05T06:39:45.968Z] Checked if tokens are valid: true, expires at: 1733383870601
[debug] [2024-12-05T06:39:45.968Z] Checked if tokens are valid: true, expires at: 1733383870601
[debug] [2024-12-05T06:39:45.968Z] >>> [apiv2][query] GET https://firestore.googleapis.com/v1/projects/kreateai-c1b8d/databases/(default)/collectionGroups/-/indexes [none]
[debug] [2024-12-05T06:39:45.970Z] >>> [apiv2][query] GET https://firestore.googleapis.com/v1/projects/kreateai-c1b8d/databases/(default)/collectionGroups/-/fields?filter=indexConfig.usesAncestorConfig=false OR ttlConfig:* [none]
[debug] [2024-12-05T06:39:47.735Z] <<< [apiv2][status] GET https://firestore.googleapis.com/v1/projects/kreateai-c1b8d/databases/(default)/collectionGroups/-/indexes 200
[debug] [2024-12-05T06:39:47.735Z] <<< [apiv2][body] GET https://firestore.googleapis.com/v1/projects/kreateai-c1b8d/databases/(default)/collectionGroups/-/indexes {}
[debug] [2024-12-05T06:39:47.925Z] <<< [apiv2][status] GET https://firestore.googleapis.com/v1/projects/kreateai-c1b8d/databases/(default)/collectionGroups/-/fields?filter=indexConfig.usesAncestorConfig=false OR ttlConfig:* 200
[debug] [2024-12-05T06:39:47.925Z] <<< [apiv2][body] GET https://firestore.googleapis.com/v1/projects/kreateai-c1b8d/databases/(default)/collectionGroups/-/fields?filter=indexConfig.usesAncestorConfig=false OR ttlConfig:* {"fields":[{"name":"projects/kreateai-c1b8d/databases/(default)/collectionGroups/__default__/fields/*","indexConfig":{"indexes":[{"queryScope":"COLLECTION","fields":[{"fieldPath":"*","order":"ASCENDING"}],"state":"READY"},{"queryScope":"COLLECTION","fields":[{"fieldPath":"*","order":"DESCENDING"}],"state":"READY"},{"queryScope":"COLLECTION","fields":[{"fieldPath":"*","arrayConfig":"CONTAINS"}],"state":"READY"}]}}]}
[info] 
=== Genkit Setup
[debug] [2024-12-05T06:39:50.776Z] > command requires scopes: ["email","openid","https://www.googleapis.com/auth/cloudplatformprojects.readonly","https://www.googleapis.com/auth/firebase","https://www.googleapis.com/auth/cloud-platform"]
[debug] [2024-12-05T06:39:50.777Z] > authorizing via signed-in user (rohitkadamusa@gmail.com)
[debug] [2024-12-05T06:39:50.777Z] [iam] checking project kreateai-c1b8d for permissions ["firebase.projects.get"]
[debug] [2024-12-05T06:39:50.777Z] Checked if tokens are valid: true, expires at: 1733383870601
[debug] [2024-12-05T06:39:50.777Z] Checked if tokens are valid: true, expires at: 1733383870601
[debug] [2024-12-05T06:39:50.777Z] >>> [apiv2][query] POST https://cloudresourcemanager.googleapis.com/v1/projects/kreateai-c1b8d:testIamPermissions [none]
[debug] [2024-12-05T06:39:50.777Z] >>> [apiv2][(partial)header] POST https://cloudresourcemanager.googleapis.com/v1/projects/kreateai-c1b8d:testIamPermissions x-goog-quota-user=projects/kreateai-c1b8d
[debug] [2024-12-05T06:39:50.777Z] >>> [apiv2][body] POST https://cloudresourcemanager.googleapis.com/v1/projects/kreateai-c1b8d:testIamPermissions {"permissions":["firebase.projects.get"]}
[debug] [2024-12-05T06:39:52.217Z] <<< [apiv2][status] POST https://cloudresourcemanager.googleapis.com/v1/projects/kreateai-c1b8d:testIamPermissions 200
[debug] [2024-12-05T06:39:52.217Z] <<< [apiv2][body] POST https://cloudresourcemanager.googleapis.com/v1/projects/kreateai-c1b8d:testIamPermissions {"permissions":["firebase.projects.get"]}
[debug] [2024-12-05T06:39:52.217Z] Checked if tokens are valid: true, expires at: 1733383870601
[debug] [2024-12-05T06:39:52.217Z] Checked if tokens are valid: true, expires at: 1733383870601
[debug] [2024-12-05T06:39:52.217Z] Checked if tokens are valid: true, expires at: 1733383870601
[debug] [2024-12-05T06:39:52.218Z] Checked if tokens are valid: true, expires at: 1733383870601
[debug] [2024-12-05T06:39:52.218Z] >>> [apiv2][query] GET https://serviceusage.googleapis.com/v1/projects/kreateai-c1b8d/services/cloudfunctions.googleapis.com [none]
[debug] [2024-12-05T06:39:52.218Z] >>> [apiv2][(partial)header] GET https://serviceusage.googleapis.com/v1/projects/kreateai-c1b8d/services/cloudfunctions.googleapis.com x-goog-quota-user=projects/kreateai-c1b8d
[debug] [2024-12-05T06:39:52.220Z] >>> [apiv2][query] GET https://serviceusage.googleapis.com/v1/projects/kreateai-c1b8d/services/runtimeconfig.googleapis.com [none]
[debug] [2024-12-05T06:39:52.220Z] >>> [apiv2][(partial)header] GET https://serviceusage.googleapis.com/v1/projects/kreateai-c1b8d/services/runtimeconfig.googleapis.com x-goog-quota-user=projects/kreateai-c1b8d
[debug] [2024-12-05T06:39:53.985Z] <<< [apiv2][status] GET https://serviceusage.googleapis.com/v1/projects/kreateai-c1b8d/services/runtimeconfig.googleapis.com 200
[debug] [2024-12-05T06:39:53.985Z] <<< [apiv2][body] GET https://serviceusage.googleapis.com/v1/projects/kreateai-c1b8d/services/runtimeconfig.googleapis.com [omitted]
[debug] [2024-12-05T06:39:54.000Z] <<< [apiv2][status] GET https://serviceusage.googleapis.com/v1/projects/kreateai-c1b8d/services/cloudfunctions.googleapis.com 200
[debug] [2024-12-05T06:39:54.000Z] <<< [apiv2][body] GET https://serviceusage.googleapis.com/v1/projects/kreateai-c1b8d/services/cloudfunctions.googleapis.com [omitted]
[debug] [2024-12-05T06:39:54.001Z] Checked if tokens are valid: true, expires at: 1733383870601
[debug] [2024-12-05T06:39:54.001Z] Checked if tokens are valid: true, expires at: 1733383870601
[debug] [2024-12-05T06:39:54.001Z] >>> [apiv2][query] POST https://serviceusage.googleapis.com/v1/projects/kreateai-c1b8d/services/cloudfunctions.googleapis.com:enable [none]
[debug] [2024-12-05T06:39:54.001Z] >>> [apiv2][(partial)header] POST https://serviceusage.googleapis.com/v1/projects/kreateai-c1b8d/services/cloudfunctions.googleapis.com:enable x-goog-quota-user=projects/kreateai-c1b8d
[debug] [2024-12-05T06:39:54.513Z] <<< [apiv2][status] POST https://serviceusage.googleapis.com/v1/projects/kreateai-c1b8d/services/cloudfunctions.googleapis.com:enable 200
[debug] [2024-12-05T06:39:54.513Z] <<< [apiv2][body] POST https://serviceusage.googleapis.com/v1/projects/kreateai-c1b8d/services/cloudfunctions.googleapis.com:enable [omitted]
[debug] [2024-12-05T06:40:04.526Z] Checked if tokens are valid: true, expires at: 1733383870601
[debug] [2024-12-05T06:40:04.526Z] Checked if tokens are valid: true, expires at: 1733383870601
[debug] [2024-12-05T06:40:04.526Z] >>> [apiv2][query] GET https://serviceusage.googleapis.com/v1/projects/kreateai-c1b8d/services/cloudfunctions.googleapis.com [none]
[debug] [2024-12-05T06:40:04.526Z] >>> [apiv2][(partial)header] GET https://serviceusage.googleapis.com/v1/projects/kreateai-c1b8d/services/cloudfunctions.googleapis.com x-goog-quota-user=projects/kreateai-c1b8d
[debug] [2024-12-05T06:40:06.300Z] <<< [apiv2][status] GET https://serviceusage.googleapis.com/v1/projects/kreateai-c1b8d/services/cloudfunctions.googleapis.com 200
[debug] [2024-12-05T06:40:06.300Z] <<< [apiv2][body] GET https://serviceusage.googleapis.com/v1/projects/kreateai-c1b8d/services/cloudfunctions.googleapis.com [omitted]
[info] Let's create a new codebase for your functions.
[info] A directory corresponding to the codebase will be created in your project
[info] with sample code pre-configured.

[info] See https://firebase.google.com/docs/functions/organize-functions for
[info] more information on organizing your functions using codebases.

[info] Functions can be deployed with firebase deploy.

[info] +  Wrote functions/package.json 
[info] +  Wrote functions/.eslintrc.js 
[info] +  Wrote functions/tsconfig.json 
[info] +  Wrote functions/tsconfig.dev.json 
[info] +  Wrote functions/src/index.ts 
[info] +  Wrote functions/.gitignore 
[info] 
[info] i  genkit: Installing Genkit CLI version 0.9.6
 
[info] i  genkit: Installing NPM packages for genkit 
[info] +  genkit: Successfully installed NPM packages 
[info] i  genkit: Updating tsconfig.json 
[info] +  genkit: Successfully updated tsconfig.json 
[info] i  genkit: Updating package.json 
[info] +  genkit: Successfully updated package.json 
[info] i  genkit: Generating sample file 
[info] +  genkit: Successfully generated sample file (src/genkit-sample.ts) 
[info] Start the Genkit developer experience by running:
[info]     cd functions && npm run genkit:start
[info] 
=== Functions Setup
[debug] [2024-12-05T06:42:38.473Z] > command requires scopes: ["email","openid","https://www.googleapis.com/auth/cloudplatformprojects.readonly","https://www.googleapis.com/auth/firebase","https://www.googleapis.com/auth/cloud-platform"]
[debug] [2024-12-05T06:42:38.473Z] > authorizing via signed-in user (rohitkadamusa@gmail.com)
[debug] [2024-12-05T06:42:38.473Z] [iam] checking project kreateai-c1b8d for permissions ["firebase.projects.get"]
[debug] [2024-12-05T06:42:38.474Z] Checked if tokens are valid: true, expires at: 1733383870601
[debug] [2024-12-05T06:42:38.474Z] Checked if tokens are valid: true, expires at: 1733383870601
[debug] [2024-12-05T06:42:38.474Z] >>> [apiv2][query] POST https://cloudresourcemanager.googleapis.com/v1/projects/kreateai-c1b8d:testIamPermissions [none]
[debug] [2024-12-05T06:42:38.474Z] >>> [apiv2][(partial)header] POST https://cloudresourcemanager.googleapis.com/v1/projects/kreateai-c1b8d:testIamPermissions x-goog-quota-user=projects/kreateai-c1b8d
[debug] [2024-12-05T06:42:38.474Z] >>> [apiv2][body] POST https://cloudresourcemanager.googleapis.com/v1/projects/kreateai-c1b8d:testIamPermissions {"permissions":["firebase.projects.get"]}
[debug] [2024-12-05T06:42:39.993Z] <<< [apiv2][status] POST https://cloudresourcemanager.googleapis.com/v1/projects/kreateai-c1b8d:testIamPermissions 200
[debug] [2024-12-05T06:42:39.993Z] <<< [apiv2][body] POST https://cloudresourcemanager.googleapis.com/v1/projects/kreateai-c1b8d:testIamPermissions {"permissions":["firebase.projects.get"]}
[debug] [2024-12-05T06:42:39.993Z] Checked if tokens are valid: true, expires at: 1733383870601
[debug] [2024-12-05T06:42:39.993Z] Checked if tokens are valid: true, expires at: 1733383870601
[debug] [2024-12-05T06:42:39.994Z] Checked if tokens are valid: true, expires at: 1733383870601
[debug] [2024-12-05T06:42:39.994Z] Checked if tokens are valid: true, expires at: 1733383870601
[debug] [2024-12-05T06:42:39.994Z] >>> [apiv2][query] GET https://serviceusage.googleapis.com/v1/projects/kreateai-c1b8d/services/cloudfunctions.googleapis.com [none]
[debug] [2024-12-05T06:42:39.994Z] >>> [apiv2][(partial)header] GET https://serviceusage.googleapis.com/v1/projects/kreateai-c1b8d/services/cloudfunctions.googleapis.com x-goog-quota-user=projects/kreateai-c1b8d
[debug] [2024-12-05T06:42:39.996Z] >>> [apiv2][query] GET https://serviceusage.googleapis.com/v1/projects/kreateai-c1b8d/services/runtimeconfig.googleapis.com [none]
[debug] [2024-12-05T06:42:39.997Z] >>> [apiv2][(partial)header] GET https://serviceusage.googleapis.com/v1/projects/kreateai-c1b8d/services/runtimeconfig.googleapis.com x-goog-quota-user=projects/kreateai-c1b8d
[debug] [2024-12-05T06:42:41.762Z] <<< [apiv2][status] GET https://serviceusage.googleapis.com/v1/projects/kreateai-c1b8d/services/runtimeconfig.googleapis.com 200
[debug] [2024-12-05T06:42:41.762Z] <<< [apiv2][body] GET https://serviceusage.googleapis.com/v1/projects/kreateai-c1b8d/services/runtimeconfig.googleapis.com [omitted]
[debug] [2024-12-05T06:42:41.772Z] <<< [apiv2][status] GET https://serviceusage.googleapis.com/v1/projects/kreateai-c1b8d/services/cloudfunctions.googleapis.com 200
[debug] [2024-12-05T06:42:41.772Z] <<< [apiv2][body] GET https://serviceusage.googleapis.com/v1/projects/kreateai-c1b8d/services/cloudfunctions.googleapis.com [omitted]
[info] 
Detected existing codebase(s): default

[info] Let's create a new codebase for your functions.
[info] A directory corresponding to the codebase will be created in your project
[info] with sample code pre-configured.

[info] See https://firebase.google.com/docs/functions/organize-functions for
[info] more information on organizing your functions using codebases.

[info] Functions can be deployed with firebase deploy.

[info] +  Wrote kreate/package.json 
[info] +  Wrote kreate/.eslintrc.js 
[info] +  Wrote kreate/tsconfig.json 
[info] +  Wrote kreate/tsconfig.dev.json 
[info] +  Wrote kreate/src/index.ts 
[info] +  Wrote kreate/.gitignore 
[info] 
=== Apphosting Setup
[debug] [2024-12-05T06:43:35.491Z] Checked if tokens are valid: true, expires at: 1733383870601
[debug] [2024-12-05T06:43:35.491Z] Checked if tokens are valid: true, expires at: 1733383870601
[debug] [2024-12-05T06:43:35.491Z] >>> [apiv2][query] GET https://cloudbilling.googleapis.com/v1/projects/kreateai-c1b8d/billingInfo [none]
[debug] [2024-12-05T06:43:37.163Z] <<< [apiv2][status] GET https://cloudbilling.googleapis.com/v1/projects/kreateai-c1b8d/billingInfo 200
[debug] [2024-12-05T06:43:37.164Z] <<< [apiv2][body] GET https://cloudbilling.googleapis.com/v1/projects/kreateai-c1b8d/billingInfo {"name":"projects/kreateai-c1b8d/billingInfo","projectId":"kreateai-c1b8d","billingAccountName":"billingAccounts/0150BF-4F27EA-345072","billingEnabled":true}
[info] i  Writing default settings to apphosting.yaml... 
[info] +  Wrote apphosting.yaml 
[info] +  Create a new App Hosting backend with `firebase apphosting:backends:create` 
[info] 
=== Hosting Setup
[debug] [2024-12-05T06:43:37.169Z] Checked if tokens are valid: true, expires at: 1733383870601
[debug] [2024-12-05T06:43:37.169Z] Checked if tokens are valid: true, expires at: 1733383870601
[debug] [2024-12-05T06:43:37.170Z] >>> [apiv2][query] GET https://firebase.googleapis.com/v1beta1/projects/kreateai-c1b8d [none]
[debug] [2024-12-05T06:43:37.702Z] <<< [apiv2][status] GET https://firebase.googleapis.com/v1beta1/projects/kreateai-c1b8d 200
[debug] [2024-12-05T06:43:37.703Z] <<< [apiv2][body] GET https://firebase.googleapis.com/v1beta1/projects/kreateai-c1b8d {"projectId":"kreateai-c1b8d","projectNumber":"129285470043","displayName":"kreateai","name":"projects/kreateai-c1b8d","resources":{"hostingSite":"kreateai-c1b8d"},"state":"ACTIVE","etag":"1_3adb3949-8fc8-4bad-8c71-258982365b4b"}
[info] 
[info] Your public directory is the folder (relative to your project directory) that
[info] will contain Hosting assets to be uploaded with firebase deploy. If you
[info] have a build process for your assets, use your build's output directory.
[info] 
[info] +  Wrote public/404.html 
[debug] [2024-12-05T06:43:48.803Z] >>> [apiv2][query] GET https://www.gstatic.com/firebasejs/releases.json [none]
[debug] [2024-12-05T06:43:49.091Z] <<< [apiv2][status] GET https://www.gstatic.com/firebasejs/releases.json 200
[debug] [2024-12-05T06:43:49.092Z] <<< [apiv2][body] GET https://www.gstatic.com/firebasejs/releases.json {"current":{"version":"11.0.2","browserURL":"https://www.gstatic.com/firebasejs/11.0.2/firebase.js","packageURL":"https://www.gstatic.com/firebasejs/11.0.2/firebase.tgz"},"live":{"version":"11.0","browserURL":"https://www.gstatic.com/firebasejs/live/11.0/firebase.js","packageURL":"https://www.gstatic.com/firebasejs/live/11.0/firebase.tgz"},"components":{"analytics":"https://www.gstatic.com/firebasejs/11.0.2/firebase-analytics.js","app":"https://www.gstatic.com/firebasejs/11.0.2/firebase-app.js","app-check":"https://www.gstatic.com/firebasejs/11.0.2/firebase-app-check.js","auth":"https://www.gstatic.com/firebasejs/11.0.2/firebase-auth.js","auth/cordova":"https://www.gstatic.com/firebasejs/11.0.2/firebase-auth/cordova.js","auth/web-extension":"https://www.gstatic.com/firebasejs/11.0.2/firebase-auth/web-extension.js","functions":"https://www.gstatic.com/firebasejs/11.0.2/firebase-functions.js","firestore":"https://www.gstatic.com/firebasejs/11.0.2/firebase-firestore.js","firestore/lite":"https://www.gstatic.com/firebasejs/11.0.2/firebase-firestore/lite.js","installations":"https://www.gstatic.com/firebasejs/11.0.2/firebase-installations.js","storage":"https://www.gstatic.com/firebasejs/11.0.2/firebase-storage.js","performance":"https://www.gstatic.com/firebasejs/11.0.2/firebase-performance.js","remote-config":"https://www.gstatic.com/firebasejs/11.0.2/firebase-remote-config.js","messaging":"https://www.gstatic.com/firebasejs/11.0.2/firebase-messaging.js","messaging/sw":"https://www.gstatic.com/firebasejs/11.0.2/firebase-messaging/sw.js","database":"https://www.gstatic.com/firebasejs/11.0.2/firebase-database.js","vertexai":"https://www.gstatic.com/firebasejs/11.0.2/firebase-vertexai.js","data-connect":"https://www.gstatic.com/firebasejs/11.0.2/firebase-data-connect.js","firestore.memory":"https://www.gstatic.com/firebasejs/11.0.2/firebase-firestore.memory.js"}}
[info] +  Wrote public/index.html 
[info] 
[info] i  Detected a .git folder at C:\Mern\kreateai 
[info] i  Authorizing with GitHub to upload your service account to a GitHub repository's secrets store. 
[info] 
[info] Visit this URL on this device to log in:
[info] https://github.com/login/oauth/authorize?client_id=89cf50f02ac6aaed3484&state=808421981&redirect_uri=http%3A%2F%2Flocalhost%3A9005&scope=read%3Auser%20repo%20public_repo
[info] 
[info] Waiting for authentication...
[debug] [2024-12-05T06:44:19.377Z] >>> [apiv2][query] POST https://github.com/login/oauth/access_token [none]
[debug] [2024-12-05T06:44:19.377Z] >>> [apiv2][body] POST https://github.com/login/oauth/access_token [stream]
[debug] [2024-12-05T06:44:19.688Z] <<< [apiv2][status] POST https://github.com/login/oauth/access_token 200
[debug] [2024-12-05T06:44:19.688Z] <<< [apiv2][body] POST https://github.com/login/oauth/access_token {"access_token":"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","token_type":"bearer","scope":"read:user,repo"}
[debug] [2024-12-05T06:44:19.697Z] >>> [apiv2][query] GET https://api.github.com/user [none]
[debug] [2024-12-05T06:44:20.054Z] <<< [apiv2][status] GET https://api.github.com/user 200
[debug] [2024-12-05T06:44:20.054Z] <<< [apiv2][body] GET https://api.github.com/user {"login":"hemant-i7","id":99681551,"node_id":"U_kgDOBfEFDw","avatar_url":"https://avatars.githubusercontent.com/u/99681551?v=4","gravatar_id":"","url":"https://api.github.com/users/hemant-i7","html_url":"https://github.com/hemant-i7","followers_url":"https://api.github.com/users/hemant-i7/followers","following_url":"https://api.github.com/users/hemant-i7/following{/other_user}","gists_url":"https://api.github.com/users/hemant-i7/gists{/gist_id}","starred_url":"https://api.github.com/users/hemant-i7/starred{/owner}{/repo}","subscriptions_url":"https://api.github.com/users/hemant-i7/subscriptions","organizations_url":"https://api.github.com/users/hemant-i7/orgs","repos_url":"https://api.github.com/users/hemant-i7/repos","events_url":"https://api.github.com/users/hemant-i7/events{/privacy}","received_events_url":"https://api.github.com/users/hemant-i7/received_events","type":"User","user_view_type":"private","site_admin":false,"name":"Hemant Kadam","company":"Ainertia","blog":"https://bloggerhemant.in/","location":"Mumbai","email":null,"hireable":null,"bio":"Computer Engineering Student ","twitter_username":"hemant_i7","notification_email":null,"public_repos":16,"public_gists":0,"followers":20,"following":22,"created_at":"2022-02-14T17:54:35Z","updated_at":"2024-11-12T13:39:19Z","private_gists":0,"total_private_repos":15,"owned_private_repos":12,"disk_usage":64902,"collaborators":7,"two_factor_authentication":true,"plan":{"name":"pro","space":976562499,"collaborators":0,"private_repos":9999}}
[info] 
[info] +  Success! Logged into GitHub as hemant-i7 
[info] 
